11-Jul-2024 09:12:50.957 INFO [main] org.apache.catalina.startup.VersionLoggerListener.log Nom version serveur :              Apache Tomcat/9.0.90
11-Jul-2024 09:12:50.964 INFO [main] org.apache.catalina.startup.VersionLoggerListener.log Serveur compilé :                  Jun 14 2024 14:45:13 UTC
11-Jul-2024 09:12:50.965 INFO [main] org.apache.catalina.startup.VersionLoggerListener.log Version du serveur :               9.0.90.0
11-Jul-2024 09:12:50.965 INFO [main] org.apache.catalina.startup.VersionLoggerListener.log Nom de l'OS :                      Windows 10
11-Jul-2024 09:12:50.965 INFO [main] org.apache.catalina.startup.VersionLoggerListener.log Version OS :                       10.0
11-Jul-2024 09:12:50.966 INFO [main] org.apache.catalina.startup.VersionLoggerListener.log Architecture :                     amd64
11-Jul-2024 09:12:50.966 INFO [main] org.apache.catalina.startup.VersionLoggerListener.log Java Home :                        C:\Program Files\Java\jdk-19
11-Jul-2024 09:12:50.966 INFO [main] org.apache.catalina.startup.VersionLoggerListener.log Version JVM :                      19.0.2+7-44
11-Jul-2024 09:12:50.967 INFO [main] org.apache.catalina.startup.VersionLoggerListener.log Fournisseur de la JVM :            Oracle Corporation
11-Jul-2024 09:12:50.967 INFO [main] org.apache.catalina.startup.VersionLoggerListener.log CATALINA_BASE :                    C:\Users\user\IdeaProjects\demo
11-Jul-2024 09:12:50.967 INFO [main] org.apache.catalina.startup.VersionLoggerListener.log CATALINA_HOME :                    C:\Program Files\Apache Software Foundation\Tomcat 9.0
11-Jul-2024 09:12:50.984 INFO [main] org.apache.catalina.startup.VersionLoggerListener.log Argument de la ligne de commande : --add-opens=java.base/java.lang=ALL-UNNAMED
11-Jul-2024 09:12:50.985 INFO [main] org.apache.catalina.startup.VersionLoggerListener.log Argument de la ligne de commande : --add-opens=java.base/java.io=ALL-UNNAMED
11-Jul-2024 09:12:50.985 INFO [main] org.apache.catalina.startup.VersionLoggerListener.log Argument de la ligne de commande : --add-opens=java.base/java.util=ALL-UNNAMED
11-Jul-2024 09:12:50.985 INFO [main] org.apache.catalina.startup.VersionLoggerListener.log Argument de la ligne de commande : --add-opens=java.base/java.util.concurrent=ALL-UNNAMED
11-Jul-2024 09:12:50.986 INFO [main] org.apache.catalina.startup.VersionLoggerListener.log Argument de la ligne de commande : --add-opens=java.rmi/sun.rmi.transport=ALL-UNNAMED
11-Jul-2024 09:12:50.986 INFO [main] org.apache.catalina.startup.VersionLoggerListener.log Argument de la ligne de commande : -Dcatalina.home=C:\Program Files\Apache Software Foundation\Tomcat 9.0
11-Jul-2024 09:12:50.986 INFO [main] org.apache.catalina.startup.VersionLoggerListener.log Argument de la ligne de commande : -Dcatalina.base=C:\Users\user\IdeaProjects\demo
11-Jul-2024 09:12:50.986 INFO [main] org.apache.catalina.startup.VersionLoggerListener.log Argument de la ligne de commande : -Djava.io.tmpdir=C:\Users\user\IdeaProjects\demo\temp
11-Jul-2024 09:12:50.987 INFO [main] org.apache.catalina.startup.VersionLoggerListener.log Argument de la ligne de commande : -Djava.util.logging.config.file=C:\Users\user\IdeaProjects\demo\conf\logging.properties
11-Jul-2024 09:12:50.987 INFO [main] org.apache.catalina.startup.VersionLoggerListener.log Argument de la ligne de commande : -Djava.util.logging.manager=org.apache.juli.ClassLoaderLogManager
11-Jul-2024 09:12:50.987 INFO [main] org.apache.catalina.startup.VersionLoggerListener.log Argument de la ligne de commande : -javaagent:C:\Program Files\JetBrains\IntelliJ IDEA Community Edition 2024.1.4\lib\idea_rt.jar=61749:C:\Program Files\JetBrains\IntelliJ IDEA Community Edition 2024.1.4\bin
11-Jul-2024 09:12:50.987 INFO [main] org.apache.catalina.startup.VersionLoggerListener.log Argument de la ligne de commande : -Dfile.encoding=UTF-8
11-Jul-2024 09:12:50.987 INFO [main] org.apache.catalina.startup.VersionLoggerListener.log Argument de la ligne de commande : -Dsun.stdout.encoding=UTF-8
11-Jul-2024 09:12:50.988 INFO [main] org.apache.catalina.startup.VersionLoggerListener.log Argument de la ligne de commande : -Dsun.stderr.encoding=UTF-8
11-Jul-2024 09:12:51.014 INFO [main] org.apache.catalina.core.AprLifecycleListener.lifecycleEvent La librairie Apache Tomcat Native basée sur APR qui permet des performances optimales dans les environnements de production n'a pas été trouvée sur le java.library.path : [C:\Program Files\Java\jdk-19\bin;C:\WINDOWS\Sun\Java\bin;C:\WINDOWS\system32;C:\WINDOWS;C:\Program Files\Python312\Scripts\;C:\Program Files\Python312\;C:\Program Files (x86)\Common Files\Oracle\Java\java8path;C:\Program Files (x86)\Common Files\Oracle\Java\javapath;C:\oracle_19c\WINDOWS.X64_193000_db_home\bin;C:\WINDOWS\system32;C:\WINDOWS;C:\WINDOWS\System32\Wbem;C:\WINDOWS\System32\WindowsPowerShell\v1.0\;C:\WINDOWS\System32\OpenSSH\;C:\Program Files (x86)\Microchip\MPLAB C32 Suite\bin;"C:\Program Files (x86)\Microchip\MPLAB IDE\VDI;C:\Program Files\Java\jdk-19\bin";C:\ProgramData\chocolatey\bin;C:\Program Files\Oracle\VirtualBox;C:\xampp\php;C:\ProgramData\ComposerSetup\bin;C:\Program Files\Git\cmd;C:\hadoop\bin;C:\Users\user\AppData\Local\Microsoft\WindowsApps;C:\Program Files\Java\jdk-19\bin;C:\Program Files\dotnet\;C:\Program Files\Docker\Docker\resources\bin;C:\Program Files\nodejs\;C:\Users\user\AppData\Local\Microsoft\WindowsApps;C:\Users\user\AppData\Local\Programs\Microsoft VS Code\bin;C:\Program Files\JetBrains\IntelliJ IDEA Community Edition 2024.1.4\bin;;C:\Users\user\PycharmProjects\tp3\venv\Lib\site-packages\pip\_internal\vcs\git.py;C:\Users\user\AppData\Roaming\Composer\vendor\bin;C:\Users\user\.dotnet\tools;C:\Users\user\AppData\Local\Programs\mongosh\;C:\Users\user\AppData\Roaming\npm;.]
11-Jul-2024 09:12:51.814 INFO [main] org.apache.coyote.AbstractProtocol.init Initialisation du gestionnaire de protocole ["http-nio-8080"]
11-Jul-2024 09:12:51.830 SEVERE [main] org.apache.catalina.util.LifecycleBase.handleSubClassException Echec d'initialisation du composant [Connector["http-nio-8080"]]
	org.apache.catalina.LifecycleException: L'initialisation du gestionnaire de protocole a échoué
		at org.apache.catalina.connector.Connector.initInternal(Connector.java:1012)
		at org.apache.catalina.util.LifecycleBase.init(LifecycleBase.java:122)
		at org.apache.catalina.core.StandardService.initInternal(StandardService.java:525)
		at org.apache.catalina.util.LifecycleBase.init(LifecycleBase.java:122)
		at org.apache.catalina.core.StandardServer.initInternal(StandardServer.java:990)
		at org.apache.catalina.util.LifecycleBase.init(LifecycleBase.java:122)
		at org.apache.catalina.startup.Catalina.load(Catalina.java:686)
		at org.apache.catalina.startup.Catalina.load(Catalina.java:709)
		at java.base/jdk.internal.reflect.DirectMethodHandleAccessor.invoke(DirectMethodHandleAccessor.java:104)
		at java.base/java.lang.reflect.Method.invoke(Method.java:578)
		at org.apache.catalina.startup.Bootstrap.load(Bootstrap.java:302)
		at org.apache.catalina.startup.Bootstrap.main(Bootstrap.java:472)
	Caused by: java.net.BindException: Address already in use: bind
		at java.base/sun.nio.ch.Net.bind0(Native Method)
		at java.base/sun.nio.ch.Net.bind(Net.java:555)
		at java.base/sun.nio.ch.ServerSocketChannelImpl.netBind(ServerSocketChannelImpl.java:344)
		at java.base/sun.nio.ch.ServerSocketChannelImpl.bind(ServerSocketChannelImpl.java:301)
		at org.apache.tomcat.util.net.NioEndpoint.initServerSocket(NioEndpoint.java:268)
		at org.apache.tomcat.util.net.NioEndpoint.bind(NioEndpoint.java:223)
		at org.apache.tomcat.util.net.AbstractEndpoint.bindWithCleanup(AbstractEndpoint.java:1371)
		at org.apache.tomcat.util.net.AbstractEndpoint.init(AbstractEndpoint.java:1384)
		at org.apache.coyote.AbstractProtocol.init(AbstractProtocol.java:662)
		at org.apache.coyote.http11.AbstractHttp11Protocol.init(AbstractHttp11Protocol.java:75)
		at org.apache.catalina.connector.Connector.initInternal(Connector.java:1010)
		... 11 more
11-Jul-2024 09:12:51.834 INFO [main] org.apache.catalina.startup.Catalina.load L'initialisation du serveur a pris [1468] millisecondes
11-Jul-2024 09:12:51.928 INFO [main] org.apache.catalina.core.StandardService.startInternal Démarrage du service [Catalina]
11-Jul-2024 09:12:51.928 INFO [main] org.apache.catalina.core.StandardEngine.startInternal Démarrage du moteur de Servlets : [Apache Tomcat/9.0.90]
11-Jul-2024 09:12:51.947 INFO [main] org.apache.catalina.startup.HostConfig.deployDescriptor Déploiement du descripteur de configuration [C:\Users\user\IdeaProjects\demo\conf\Catalina\localhost\demo.xml]
11-Jul-2024 09:12:55.100 WARNING [main] org.apache.tomcat.util.descriptor.web.WebXml.setVersion Version [5.0] inconnue, utilisation de la version par défaut
11-Jul-2024 09:12:55.106 WARNING [main] org.apache.tomcat.util.descriptor.web.WebXml.setVersion Version [6.0] inconnue, utilisation de la version par défaut
11-Jul-2024 09:12:55.126 WARNING [main] org.apache.tomcat.util.descriptor.web.WebXml.setVersion Version [6.0] inconnue, utilisation de la version par défaut
11-Jul-2024 09:13:00.866 INFO [main] org.apache.jasper.servlet.TldScanner.scanJars Au moins un fichier JAR a été analysé pour trouver des TLDs mais il n'en contenait pas, le mode "debug" du journal peut être activé pour obtenir une liste complète de JAR scannés sans succès ; éviter d'analyser des JARs inutilement peut améliorer sensiblement le temps de démarrage et le temps de compilation des JSPs
11-Jul-2024 09:13:01.004 INFO [main] org.apache.catalina.startup.HostConfig.deployDescriptor Le traitement du descripteur de déploiement [C:\Users\user\IdeaProjects\demo\conf\Catalina\localhost\demo.xml] a pris [9 053] ms
11-Jul-2024 09:13:01.013 INFO [main] org.apache.catalina.startup.Catalina.start Le démarrage du serveur a pris [9176] millisecondes
11-Jul-2024 09:13:24.564 INFO [Thread-1] org.apache.coyote.AbstractProtocol.pause Le gestionnaire de protocole ["http-nio-8080"] est mis en pause
11-Jul-2024 09:13:24.565 INFO [Thread-1] org.apache.catalina.core.StandardService.stopInternal Arrêt du service [Catalina]
11-Jul-2024 09:13:24.587 INFO [Thread-1] org.apache.coyote.AbstractProtocol.stop Arrêt du gestionnaire de protocole ["http-nio-8080"]
11-Jul-2024 09:13:24.589 INFO [Thread-1] org.apache.coyote.AbstractProtocol.destroy Destruction du gestionnaire de protocole ["http-nio-8080"]
