16-Jul-2024 16:46:27.364 INFO [main] org.apache.catalina.startup.VersionLoggerListener.log Nom version serveur :              Apache Tomcat/9.0.90
16-Jul-2024 16:46:27.377 INFO [main] org.apache.catalina.startup.VersionLoggerListener.log Serveur compilé :                  Jun 14 2024 14:45:13 UTC
16-Jul-2024 16:46:27.377 INFO [main] org.apache.catalina.startup.VersionLoggerListener.log Version du serveur :               9.0.90.0
16-Jul-2024 16:46:27.377 INFO [main] org.apache.catalina.startup.VersionLoggerListener.log Nom de l'OS :                      Windows 10
16-Jul-2024 16:46:27.378 INFO [main] org.apache.catalina.startup.VersionLoggerListener.log Version OS :                       10.0
16-Jul-2024 16:46:27.378 INFO [main] org.apache.catalina.startup.VersionLoggerListener.log Architecture :                     amd64
16-Jul-2024 16:46:27.378 INFO [main] org.apache.catalina.startup.VersionLoggerListener.log Java Home :                        C:\Program Files\Java\jdk-19
16-Jul-2024 16:46:27.378 INFO [main] org.apache.catalina.startup.VersionLoggerListener.log Version JVM :                      19.0.2+7-44
16-Jul-2024 16:46:27.378 INFO [main] org.apache.catalina.startup.VersionLoggerListener.log Fournisseur de la JVM :            Oracle Corporation
16-Jul-2024 16:46:27.378 INFO [main] org.apache.catalina.startup.VersionLoggerListener.log CATALINA_BASE :                    C:\Users\user\Desktop\appSpringboot
16-Jul-2024 16:46:27.378 INFO [main] org.apache.catalina.startup.VersionLoggerListener.log CATALINA_HOME :                    C:\Program Files\Apache Software Foundation\Tomcat 9.0
16-Jul-2024 16:46:27.404 INFO [main] org.apache.catalina.startup.VersionLoggerListener.log Argument de la ligne de commande : --add-opens=java.base/java.lang=ALL-UNNAMED
16-Jul-2024 16:46:27.409 INFO [main] org.apache.catalina.startup.VersionLoggerListener.log Argument de la ligne de commande : --add-opens=java.base/java.io=ALL-UNNAMED
16-Jul-2024 16:46:27.410 INFO [main] org.apache.catalina.startup.VersionLoggerListener.log Argument de la ligne de commande : --add-opens=java.base/java.util=ALL-UNNAMED
16-Jul-2024 16:46:27.411 INFO [main] org.apache.catalina.startup.VersionLoggerListener.log Argument de la ligne de commande : --add-opens=java.base/java.util.concurrent=ALL-UNNAMED
16-Jul-2024 16:46:27.411 INFO [main] org.apache.catalina.startup.VersionLoggerListener.log Argument de la ligne de commande : --add-opens=java.rmi/sun.rmi.transport=ALL-UNNAMED
16-Jul-2024 16:46:27.411 INFO [main] org.apache.catalina.startup.VersionLoggerListener.log Argument de la ligne de commande : -Dcatalina.home=C:\Program Files\Apache Software Foundation\Tomcat 9.0
16-Jul-2024 16:46:27.411 INFO [main] org.apache.catalina.startup.VersionLoggerListener.log Argument de la ligne de commande : -Dcatalina.base=C:\Users\user\Desktop\appSpringboot
16-Jul-2024 16:46:27.411 INFO [main] org.apache.catalina.startup.VersionLoggerListener.log Argument de la ligne de commande : -Djava.io.tmpdir=C:\Users\user\Desktop\appSpringboot\temp
16-Jul-2024 16:46:27.412 INFO [main] org.apache.catalina.startup.VersionLoggerListener.log Argument de la ligne de commande : -Djava.util.logging.config.file=C:\Users\user\Desktop\appSpringboot\conf\logging.properties
16-Jul-2024 16:46:27.412 INFO [main] org.apache.catalina.startup.VersionLoggerListener.log Argument de la ligne de commande : -Djava.util.logging.manager=org.apache.juli.ClassLoaderLogManager
16-Jul-2024 16:46:27.412 INFO [main] org.apache.catalina.startup.VersionLoggerListener.log Argument de la ligne de commande : -javaagent:C:\Program Files\JetBrains\IntelliJ IDEA Community Edition 2024.1.4\lib\idea_rt.jar=64663:C:\Program Files\JetBrains\IntelliJ IDEA Community Edition 2024.1.4\bin
16-Jul-2024 16:46:27.412 INFO [main] org.apache.catalina.startup.VersionLoggerListener.log Argument de la ligne de commande : -Dfile.encoding=UTF-8
16-Jul-2024 16:46:27.413 INFO [main] org.apache.catalina.startup.VersionLoggerListener.log Argument de la ligne de commande : -Dsun.stdout.encoding=UTF-8
16-Jul-2024 16:46:27.413 INFO [main] org.apache.catalina.startup.VersionLoggerListener.log Argument de la ligne de commande : -Dsun.stderr.encoding=UTF-8
16-Jul-2024 16:46:27.440 INFO [main] org.apache.catalina.core.AprLifecycleListener.lifecycleEvent La librairie Apache Tomcat Native basée sur APR qui permet des performances optimales dans les environnements de production n'a pas été trouvée sur le java.library.path : [C:\Program Files\Java\jdk-19\bin;C:\WINDOWS\Sun\Java\bin;C:\WINDOWS\system32;C:\WINDOWS;C:\Program Files\Python312\Scripts\;C:\Program Files\Python312\;C:\Program Files (x86)\Common Files\Oracle\Java\java8path;C:\Program Files (x86)\Common Files\Oracle\Java\javapath;C:\oracle_19c\WINDOWS.X64_193000_db_home\bin;C:\WINDOWS\system32;C:\WINDOWS;C:\WINDOWS\System32\Wbem;C:\WINDOWS\System32\WindowsPowerShell\v1.0\;C:\WINDOWS\System32\OpenSSH\;C:\Program Files (x86)\Microchip\MPLAB C32 Suite\bin;"C:\Program Files (x86)\Microchip\MPLAB IDE\VDI;C:\Program Files\Java\jdk-19\bin";C:\ProgramData\chocolatey\bin;C:\Program Files\Oracle\VirtualBox;C:\xampp\php;C:\ProgramData\ComposerSetup\bin;C:\hadoop\bin;C:\Users\user\AppData\Local\Microsoft\WindowsApps;C:\Program Files\Java\jdk-19\bin;C:\Program Files\dotnet\;C:\Program Files\Docker\Docker\resources\bin;C:\Program Files\nodejs\;C:\Program Files\Apache Software Foundation\apache-maven-3.9.8-bin\apache-maven-3.9.8\bin;C:\Program Files\Git\cmd;C:\Users\user\AppData\Local\Microsoft\WindowsApps;C:\Users\user\AppData\Local\Programs\Microsoft VS Code\bin;C:\Program Files\JetBrains\IntelliJ IDEA Community Edition 2024.1.4\bin;;C:\Users\user\PycharmProjects\tp3\venv\Lib\site-packages\pip\_internal\vcs\git.py;C:\Users\user\AppData\Roaming\Composer\vendor\bin;C:\Users\user\.dotnet\tools;C:\Users\user\AppData\Local\Programs\mongosh\;C:\Users\user\AppData\Roaming\npm;.]
16-Jul-2024 16:46:28.154 INFO [main] org.apache.coyote.AbstractProtocol.init Initialisation du gestionnaire de protocole ["http-nio-8080"]
16-Jul-2024 16:46:28.196 INFO [main] org.apache.catalina.startup.Catalina.load L'initialisation du serveur a pris [1425] millisecondes
16-Jul-2024 16:46:28.310 INFO [main] org.apache.catalina.core.StandardService.startInternal Démarrage du service [Catalina]
16-Jul-2024 16:46:28.310 INFO [main] org.apache.catalina.core.StandardEngine.startInternal Démarrage du moteur de Servlets : [Apache Tomcat/9.0.90]
16-Jul-2024 16:46:28.340 INFO [main] org.apache.catalina.startup.HostConfig.deployDescriptor Déploiement du descripteur de configuration [C:\Users\user\Desktop\appSpringboot\conf\Catalina\localhost\demo.xml]
16-Jul-2024 16:46:31.707 WARNING [main] org.apache.tomcat.util.descriptor.web.WebXml.setVersion Version [5.0] inconnue, utilisation de la version par défaut
16-Jul-2024 16:46:31.718 WARNING [main] org.apache.tomcat.util.descriptor.web.WebXml.setVersion Version [6.0] inconnue, utilisation de la version par défaut
16-Jul-2024 16:46:31.768 WARNING [main] org.apache.tomcat.util.descriptor.web.WebXml.setVersion Version [6.0] inconnue, utilisation de la version par défaut
16-Jul-2024 16:46:36.993 INFO [main] org.apache.jasper.servlet.TldScanner.scanJars Au moins un fichier JAR a été analysé pour trouver des TLDs mais il n'en contenait pas, le mode "debug" du journal peut être activé pour obtenir une liste complète de JAR scannés sans succès ; éviter d'analyser des JARs inutilement peut améliorer sensiblement le temps de démarrage et le temps de compilation des JSPs
16-Jul-2024 16:46:37.131 INFO [main] org.apache.catalina.startup.HostConfig.deployDescriptor Le traitement du descripteur de déploiement [C:\Users\user\Desktop\appSpringboot\conf\Catalina\localhost\demo.xml] a pris [8 787] ms
16-Jul-2024 16:46:37.140 INFO [main] org.apache.coyote.AbstractProtocol.start Démarrage du gestionnaire de protocole ["http-nio-8080"]
16-Jul-2024 16:46:37.208 INFO [main] org.apache.catalina.startup.Catalina.start Le démarrage du serveur a pris [9009] millisecondes
16-Jul-2024 16:46:52.075 INFO [Thread-1] org.apache.coyote.AbstractProtocol.pause Le gestionnaire de protocole ["http-nio-8080"] est mis en pause
16-Jul-2024 16:46:52.095 INFO [Thread-1] org.apache.catalina.core.StandardService.stopInternal Arrêt du service [Catalina]
16-Jul-2024 16:46:52.118 INFO [Thread-1] org.apache.coyote.AbstractProtocol.stop Arrêt du gestionnaire de protocole ["http-nio-8080"]
16-Jul-2024 16:46:52.131 INFO [Thread-1] org.apache.coyote.AbstractProtocol.destroy Destruction du gestionnaire de protocole ["http-nio-8080"]
